This is pdfTeXk, Version 3.1415926-1.40.9 (Web2C 7.5.7) (format=pdflatex 2009.6.28)  25 SEP 2010 19:43
entering extended mode
\write18 enabled.
 %&-line parsing enabled.
**Thesis.tex
(./Thesis.tex
LaTeX2e <2005/12/01>
Babel <v3.8l> and hyphenation patterns for english, usenglishmax, dumylang, noh
yphenation, german-x-2008-06-18, ngerman-x-2008-06-18, ancientgreek, ibycus, ar
abic, basque, bulgarian, catalan, pinyin, coptic, croatian, czech, danish, dutc
h, esperanto, estonian, farsi, finnish, french, galician, german, ngerman, mono
greek, greek, hungarian, icelandic, indonesian, interlingua, irish, italian, la
tin, lithuanian, mongolian, mongolian2a, bokmal, nynorsk, polish, portuguese, r
omanian, russian, sanskrit, serbian, slovak, slovenian, spanish, swedish, turki
sh, ukenglish, ukrainian, uppersorbian, welsh, loaded.
(/usr/local/texlive/2008/texmf-dist/tex/latex/base/report.cls
Document Class: report 2005/09/16 v1.4f Standard LaTeX document class
(/usr/local/texlive/2008/texmf-dist/tex/latex/base/size11.clo
File: size11.clo 2005/09/16 v1.4f Standard LaTeX file (size option)
)
\c@part=\count79
\c@chapter=\count80
\c@section=\count81
\c@subsection=\count82
\c@subsubsection=\count83
\c@paragraph=\count84
\c@subparagraph=\count85
\c@figure=\count86
\c@table=\count87
\abovecaptionskip=\skip41
\belowcaptionskip=\skip42
\bibindent=\dimen102
)
(/usr/local/texlive/2008/texmf-dist/tex/latex/geometry/geometry.sty
Package: geometry 2008/12/21 v4.2 Page Geometry

(/usr/local/texlive/2008/texmf-dist/tex/latex/graphics/keyval.sty
Package: keyval 1999/03/16 v1.13 key=value parser (DPC)
\KV@toks@=\toks14
)
(/usr/local/texlive/2008/texmf-dist/tex/generic/oberdiek/ifpdf.sty
Package: ifpdf 2007/12/12 v1.6 Provides the ifpdf switch (HO)
Package ifpdf Info: pdfTeX in pdf mode detected.
)
(/usr/local/texlive/2008/texmf-dist/tex/generic/oberdiek/ifvtex.sty
Package: ifvtex 2008/11/04 v1.4 Switches for detecting VTeX and its modes (HO)
Package ifvtex Info: VTeX not detected.
)
\Gm@cnth=\count88
\Gm@cntv=\count89
\c@Gm@tempcnt=\count90
\Gm@bindingoffset=\dimen103
\Gm@wd@mp=\dimen104
\Gm@odd@mp=\dimen105
\Gm@even@mp=\dimen106
\Gm@dimlist=\toks15

(/usr/local/texlive/2008/texmf-dist/tex/xelatex/xetexconfig/geometry.cfg))
(/usr/local/texlive/2008/texmf-dist/tex/latex/graphics/graphicx.sty
Package: graphicx 1999/02/16 v1.0f Enhanced LaTeX Graphics (DPC,SPQR)

(/usr/local/texlive/2008/texmf-dist/tex/latex/graphics/graphics.sty
Package: graphics 2006/02/20 v1.0o Standard LaTeX Graphics (DPC,SPQR)

(/usr/local/texlive/2008/texmf-dist/tex/latex/graphics/trig.sty
Package: trig 1999/03/16 v1.09 sin cos tan (DPC)
)
(/usr/local/texlive/2008/texmf/tex/latex/config/graphics.cfg
File: graphics.cfg 2007/01/18 v1.5 graphics configuration of teTeX/TeXLive
)
Package graphics Info: Driver file: pdftex.def on input line 90.

(/usr/local/texlive/2008/texmf-dist/tex/latex/pdftex-def/pdftex.def
File: pdftex.def 2008/09/08 v0.04l Graphics/color for pdfTeX
\Gread@gobject=\count91
))
\Gin@req@height=\dimen107
\Gin@req@width=\dimen108
)
(/usr/local/texlive/2008/texmf-dist/tex/latex/amsfonts/amssymb.sty
Package: amssymb 2002/01/22 v2.2d

(/usr/local/texlive/2008/texmf-dist/tex/latex/amsfonts/amsfonts.sty
Package: amsfonts 2001/10/25 v2.2f
\@emptytoks=\toks16
\symAMSa=\mathgroup4
\symAMSb=\mathgroup5
LaTeX Font Info:    Overwriting math alphabet `\mathfrak' in version `bold'
(Font)                  U/euf/m/n --> U/euf/b/n on input line 132.
))
(/usr/local/texlive/2008/texmf-dist/tex/latex/oberdiek/epstopdf.sty
Package: epstopdf 2008/05/06 v1.7 Conversion with epstopdf on the fly (HO)

(/usr/local/texlive/2008/texmf-dist/tex/generic/oberdiek/infwarerr.sty
Package: infwarerr 2007/09/09 v1.2 Providing info/warning/message (HO)
)
(/usr/local/texlive/2008/texmf-dist/tex/latex/oberdiek/grfext.sty
Package: grfext 2007/09/30 v1.0 Managing graphics extensions (HO)
)
(/usr/local/texlive/2008/texmf-dist/tex/latex/oberdiek/kvoptions.sty
Package: kvoptions 2007/10/18 v3.0 Keyval support for LaTeX options (HO)
)
(/usr/local/texlive/2008/texmf-dist/tex/generic/oberdiek/pdftexcmds.sty
Package: pdftexcmds 2007/12/12 v0.3 LuaTeX support for pdfTeX utility functions
 (HO)
Package pdftexcmds Info: LuaTeX not detected on input line 139.
)
Package grfext Info: Graphics extension search list:
(grfext)             [.png,.pdf,.jpg,.mps,.jpeg,.jbig2,.jb2,.PNG,.PDF,.JPG,.JPE
G,.JBIG2,.JB2,.eps]
(grfext)             \AppendGraphicsExtensions on input line 323.
)
(/usr/local/texlive/2008/texmf-dist/tex/latex/sectsty/sectsty.sty
Package: sectsty 2002/02/25 v2.0.2 Commands to change all sectional heading sty
les
)
(/usr/local/texlive/2008/texmf-dist/tex/latex/hyperref/hyperref.sty
Package: hyperref 2009/02/22 v6.78p Hypertext links for LaTeX

(/usr/local/texlive/2008/texmf-dist/tex/generic/ifxetex/ifxetex.sty
Package: ifxetex 2009/01/23 v0.5 Provides ifxetex conditional
)
(/usr/local/texlive/2008/texmf-dist/tex/latex/oberdiek/hycolor.sty
Package: hycolor 2008/09/08 v1.4 Code for color options of hyperref/bookmark (H
O)

(/usr/local/texlive/2008/texmf-dist/tex/latex/oberdiek/xcolor-patch.sty
Package: xcolor-patch 2008/09/08 xcolor patch
))
\@linkdim=\dimen109
\Hy@linkcounter=\count92
\Hy@pagecounter=\count93

(/usr/local/texlive/2008/texmf-dist/tex/latex/hyperref/pd1enc.def
File: pd1enc.def 2009/02/22 v6.78p Hyperref: PDFDocEncoding definition (HO)
)
(/usr/local/texlive/2008/texmf-dist/tex/generic/oberdiek/etexcmds.sty
Package: etexcmds 2007/12/12 v1.2 Prefix for e-TeX command names (HO)
Package etexcmds Info: Could not find \expanded.
(etexcmds)             That can mean that you are not using pdfTeX 1.50 or
(etexcmds)             that some package has redefined \expanded.
(etexcmds)             In the latter case, load this package earlier.
)
(/usr/local/texlive/2008/texmf/tex/latex/config/hyperref.cfg
File: hyperref.cfg 2002/06/06 v1.2 hyperref configuration of TeXLive
)
Package hyperref Info: Option `bookmarks' set `true' on input line 2824.
Package hyperref Info: Option `colorlinks' set `true' on input line 2824.
Package hyperref Info: Option `breaklinks' set `true' on input line 2824.
Package hyperref Info: Hyper figures OFF on input line 2935.
Package hyperref Info: Link nesting OFF on input line 2940.
Package hyperref Info: Hyper index ON on input line 2943.
Package hyperref Info: Plain pages OFF on input line 2950.
Package hyperref Info: Backreferencing OFF on input line 2955.

Implicit mode ON; LaTeX internals redefined
Package hyperref Info: Bookmarks ON on input line 3145.
(/usr/local/texlive/2008/texmf-dist/tex/latex/ltxmisc/url.sty
\Urlmuskip=\muskip10
Package: url 2006/04/12  ver 3.3  Verb mode for urls, etc.
)
LaTeX Info: Redefining \url on input line 3382.

(/usr/local/texlive/2008/texmf-dist/tex/generic/oberdiek/bitset.sty
Package: bitset 2007/09/28 v1.0 Data type bit set (HO)

(/usr/local/texlive/2008/texmf-dist/tex/generic/oberdiek/intcalc.sty
Package: intcalc 2007/09/27 v1.1 Expandable integer calculations (HO)
)
(/usr/local/texlive/2008/texmf-dist/tex/generic/oberdiek/bigintcalc.sty
Package: bigintcalc 2007/11/11 v1.1 Expandable big integer calculations (HO)
))
(/usr/local/texlive/2008/texmf-dist/tex/generic/oberdiek/kvsetkeys.sty
Package: kvsetkeys 2007/09/29 v1.3 Key value parser with default handler suppor
t (HO)
)
\Fld@menulength=\count94
\Field@Width=\dimen110
\Fld@charsize=\dimen111
\Field@toks=\toks17
Package hyperref Info: Hyper figures OFF on input line 4299.
Package hyperref Info: Link nesting OFF on input line 4304.
Package hyperref Info: Hyper index ON on input line 4307.
Package hyperref Info: backreferencing OFF on input line 4314.
Package hyperref Info: Link coloring ON on input line 4317.
Package hyperref Info: Link coloring with OCG OFF on input line 4324.
Package hyperref Info: PDF/A mode OFF on input line 4329.

(/usr/local/texlive/2008/texmf-dist/tex/generic/oberdiek/atbegshi.sty
Package: atbegshi 2008/07/31 v1.9 At begin shipout hook (HO)
)
\Hy@abspage=\count95
\c@Item=\count96
\c@Hfootnote=\count97
)
*hyperref using driver hpdftex*
(/usr/local/texlive/2008/texmf-dist/tex/latex/hyperref/hpdftex.def
File: hpdftex.def 2009/02/22 v6.78p Hyperref driver for pdfTeX
\Fld@listcount=\count98
)
(./Thesis.aux (./Chapter1/Chapter1.aux) (./Chapter2/Chapter2.aux)
(./Chapter3/Chapter3.aux) (./Chapter4/Chapter4.aux) (./Chapter5/Chapter5.aux)
(./Chapter6/Chapter6.aux

LaTeX Warning: Label `fig:example' multiply defined.


LaTeX Warning: Label `fig:example' multiply defined.


LaTeX Warning: Label `fig:example' multiply defined.


LaTeX Warning: Label `fig:example' multiply defined.


LaTeX Warning: Label `fig:example' multiply defined.


LaTeX Warning: Label `fig:example' multiply defined.


LaTeX Warning: Label `fig:example' multiply defined.


LaTeX Warning: Label `fig:example' multiply defined.


LaTeX Warning: Label `fig:example' multiply defined.


LaTeX Warning: Label `fig:example' multiply defined.

) (./Chapter7/Chapter7.aux) (./Bibliography/Bibliography.aux)
(./Appendixes/Appendixes.aux))
\openout1 = `Thesis.aux'.

LaTeX Font Info:    Checking defaults for OML/cmm/m/it on input line 26.
LaTeX Font Info:    ... okay on input line 26.
LaTeX Font Info:    Checking defaults for T1/cmr/m/n on input line 26.
LaTeX Font Info:    ... okay on input line 26.
LaTeX Font Info:    Checking defaults for OT1/cmr/m/n on input line 26.
LaTeX Font Info:    ... okay on input line 26.
LaTeX Font Info:    Checking defaults for OMS/cmsy/m/n on input line 26.
LaTeX Font Info:    ... okay on input line 26.
LaTeX Font Info:    Checking defaults for OMX/cmex/m/n on input line 26.
LaTeX Font Info:    ... okay on input line 26.
LaTeX Font Info:    Checking defaults for U/cmr/m/n on input line 26.
LaTeX Font Info:    ... okay on input line 26.
LaTeX Font Info:    Checking defaults for PD1/pdf/m/n on input line 26.
LaTeX Font Info:    ... okay on input line 26.

*geometry auto-detecting driver*
*geometry detected driver: pdftex*
-------------------- Geometry parameters
paper: a4paper
landscape: --
twocolumn: --
twoside: --
asymmetric: --
h-parts: 89.62709pt, 0.7\paperwidth , 89.6271pt (default)
v-parts: 101.40665pt, 0.7\paperheight , 152.11pt (default)
hmarginratio: 1:1
vmarginratio: 2:3
lines: --
heightrounded: --
bindingoffset: 0.0pt
truedimen: --
includehead: --
includefoot: --
includemp: --
driver: pdftex
-------------------- Page layout dimensions and switches
\paperwidth  597.50787pt
\paperheight 845.04684pt
\textwidth  478.00638pt
\textheight 670.06248pt
\oddsidemargin  -8.5359pt
\evensidemargin 17.3571pt
\topmargin  -11.9501pt
\headheight 12.0pt
\headsep    25.0pt
\footskip   30.0pt
\marginparwidth 59.0pt
\marginparsep   10.0pt
\columnsep  10.0pt
\skip\footins  10.0pt plus 4.0pt minus 2.0pt
\hoffset 0.0pt
\voffset 0.0pt
\mag 1000

(1in=72.27pt, 1cm=28.45pt)
-----------------------
(/usr/local/texlive/2008/texmf-dist/tex/context/base/supp-pdf.tex
[Loading MPS to PDF converter (version 2006.09.02).]
\scratchcounter=\count99
\scratchdimen=\dimen112
\scratchbox=\box26
\nofMPsegments=\count100
\nofMParguments=\count101
\everyMPshowfont=\toks18
\MPscratchCnt=\count102
\MPscratchDim=\dimen113
\MPnumerator=\count103
\everyMPtoPDFconversion=\toks19
) (/usr/local/texlive/2008/texmf-dist/tex/latex/graphics/color.sty
Package: color 2005/11/14 v1.0j Standard LaTeX Color (DPC)

(/usr/local/texlive/2008/texmf/tex/latex/config/color.cfg
File: color.cfg 2007/01/18 v1.5 color configuration of teTeX/TeXLive
)
Package color Info: Driver file: pdftex.def on input line 130.
)
Package hyperref Info: Link coloring ON on input line 26.

(/usr/local/texlive/2008/texmf-dist/tex/latex/hyperref/nameref.sty
Package: nameref 2007/05/29 v2.31 Cross-referencing by name of section

(/usr/local/texlive/2008/texmf-dist/tex/latex/oberdiek/refcount.sty
Package: refcount 2008/08/11 v3.1 Data extraction from references (HO)
)
\c@section@level=\count104
)
LaTeX Info: Redefining \ref on input line 26.
LaTeX Info: Redefining \pageref on input line 26.

(./Thesis.out) (./Thesis.out)
\@outlinefile=\write3
\openout3 = `Thesis.out'.

\AtBeginShipoutBox=\box27
LaTeX Font Info:    Try loading font information for U+msa on input line 29.

(/usr/local/texlive/2008/texmf-dist/tex/latex/amsfonts/umsa.fd
File: umsa.fd 2002/01/19 v2.2g AMS font definitions
)
LaTeX Font Info:    Try loading font information for U+msb on input line 29.

(/usr/local/texlive/2008/texmf-dist/tex/latex/amsfonts/umsb.fd
File: umsb.fd 2002/01/19 v2.2g AMS font definitions
)

LaTeX Warning: No \author given.

[1

{/usr/local/texlive/2008/texmf-var/fonts/map/pdftex/updmap/pdftex.map}]
(./Thesis.toc [1

])
\tf@toc=\write4
\openout4 = `Thesis.toc'.

 [2] (./Thesis.lof)
\tf@lof=\write5
\openout5 = `Thesis.lof'.

 [3

]
\openout2 = `Chapter1/Chapter1.aux'.

 (./Chapter1/Chapter1.tex
Chapter 1.
pdfTeX warning (ext4): destination with the same identifier (name{page.1}) has 
been already used, duplicate ignored
<to be read again> 
                   \relax 
l.43 P
      erformers: [1


]) [2]
\openout2 = `Chapter2/Chapter2.aux'.

 (./Chapter2/Chapter2.tex
Chapter 2.
[3



] [4] [5] [6] [7] [8] [9] [10] [11] [12]
Overfull \hbox (18.39134pt too wide) in paragraph at lines 89--90
[]\OT1/cmr/m/n/10.95 It was through the de-vel-op-ment of se-ri-al-ism in the f
ifties and sixties---led by Boulez and Stockhausen---
 []

[13] [14] [15]
Overfull \hbox (11.06387pt too wide) in paragraph at lines 102--103
\OT1/cmr/m/n/10.95 Rzewski, and their fol-low-ers, who were more frankly politi
-cized than those in the []
 []

[16] [17] [18]
Missing character: There is no é in font cmti10!
 [19] [20] [21]) [22]
\openout2 = `Chapter3/Chapter3.aux'.

 (./Chapter3/Chapter3.tex
Chapter 3.
[23



] [24] [25] [26] [27] [28] [29] [30] [31] [32] [33] [34] [35] [36]) [37]
\openout2 = `Chapter4/Chapter4.aux'.


(./Chapter4/Chapter4.tex
Chapter 4.
[38



] [39] [40] [41] [42] [43] [44] [45] [46] [47] [48] [49] [50] [51] [52]
[53] [54] [55] [56] [57] [58]) [59]
\openout2 = `Chapter5/Chapter5.aux'.

 (./Chapter5/Chapter5.tex
Chapter 5.
[60



] [61] [62] [63] [64] [65] [66] [67] [68]
Overfull \hbox (5.01091pt too wide) in paragraph at lines 48--49
\OT1/cmr/m/n/10.95 During the eight-ies, the in-ter-est of de-lib-er-ately us-i
ng ap-pro-pri-ated ma-te-rial as a cre-ative tool reemerged
 []

[69] [70] [71] [72] [73] [74]
Missing character: There is no – in font cmr10!
Missing character: There is no – in font cmr10!
Missing character: There is no – in font cmr10!
 [75]
Missing character: There is no ’ in font cmr10!
 [76]
Missing character: There is no – in font cmr10!
Missing character: There is no – in font cmr10!
Missing character: There is no – in font cmr10!
Missing character: There is no – in font cmr10!
Missing character: There is no ’ in font cmr10!
 [77]
Missing character: There is no … in font cmr10!
Missing character: There is no ’ in font cmr10!
Missing character: There is no ’ in font cmr10!
Missing character: There is no ’ in font cmr10!
) [78] [79]
\openout2 = `Chapter6/Chapter6.aux'.


(./Chapter6/Chapter6.tex
Chapter 6.
[80



] [81]
Overfull \hbox (16.38077pt too wide) in paragraph at lines 36--36
[]\OT1/cmtt/m/n/10.95 [ 128.37791442871, 154.57292175293, 140.25003051758, 246.
26268005371, 253.09353637695,[] 
 []


Overfull \hbox (16.38077pt too wide) in paragraph at lines 36--36
[] \OT1/cmtt/m/n/10.95 364.92492675781, 396.52267456055, 1035.068359375, 1037.1
043701172, 1241.3063964844 ];[] 
 []


Overfull \hbox (16.38077pt too wide) in paragraph at lines 36--36
[]\OT1/cmtt/m/n/10.95 [ 1.8754153251648, 4.5471153259277, 5.3137745857239, 2.61
46886348724, 1.2295168638229,[] 
 []


Overfull \hbox (22.12946pt too wide) in paragraph at lines 36--36
[]  \OT1/cmtt/m/n/10.95 2.5435922145844, 3.215939283371, 2.0944044589996, 2.601
4709472656, 2.0559096336365 ];[] 
 []

system(convert Chapter6/spectovocal.tif `dirname Chapter6/spectovocal.tif`/`bas
ename Chapter6/spectovocal.tif .tif`.png)...executed.

<Chapter6/spectovocal.png, id=1172, 790.152pt x 496.9767pt>
File: Chapter6/spectovocal.png Graphic file (type png)

<use Chapter6/spectovocal.png>
system(convert Chapter6/spectonoise.tif `dirname Chapter6/spectonoise.tif`/`bas
ename Chapter6/spectonoise.tif .tif`.png)...executed.


<Chapter6/spectonoise.png, id=1173, 794.97pt x 472.8867pt>
File: Chapter6/spectonoise.png Graphic file (type png)

<use Chapter6/spectonoise.png> [82]
system(convert Chapter6/Spear1.tif `dirname Chapter6/Spear1.tif`/`basename Chap
ter6/Spear1.tif .tif`.png)...executed.


<Chapter6/Spear1.png, id=1189, 1373.13pt x 749.80125pt>
File: Chapter6/Spear1.png Graphic file (type png)

<use Chapter6/Spear1.png> [83 <./Chapter6/spectovocal.png (PNG copy)>]
system(convert Chapter6/Spear2.tif `dirname Chapter6/Spear2.tif`/`basename Chap
ter6/Spear2.tif .tif`.png)...executed.


<Chapter6/Spear2.png, id=1198, 338.4645pt x 211.992pt>
File: Chapter6/Spear2.png Graphic file (type png)

<use Chapter6/Spear2.png> [84 <./Chapter6/spectonoise.png (PNG copy)>]
system(convert Chapter6/Spear3.tif `dirname Chapter6/Spear3.tif`/`basename Chap
ter6/Spear3.tif .tif`.png)...executed.


<Chapter6/Spear3.png, id=1212, 437.7153pt x 278.2395pt>
File: Chapter6/Spear3.png Graphic file (type png)

<use Chapter6/Spear3.png> [85 <./Chapter6/Spear1.png> <./Chapter6/Spear2.png (P
NG copy)>]
system(convert Chapter6/Spear4.tif `dirname Chapter6/Spear4.tif`/`basename Chap
ter6/Spear4.tif .tif`.png)...executed.

 <Chapter6/Spear4.png, id=1218, 433.62pt x 278.2395pt>
File: Chapter6/Spear4.png Graphic file (type png)

<use Chapter6/Spear4.png> [86 <./Chapter6/Spear3.png (PNG copy)>] [87 <./Chapte
r6/Spear4.png (PNG copy)>]
Overfull \hbox (10.63208pt too wide) in paragraph at lines 126--126
[]\OT1/cmtt/m/n/10.95 a.text("Improvise with pitch material", "Helvetica", 30, 
30, 200, color: Color.rand);[] 
 []

system(convert Chapter6/algoscore1.tif `dirname Chapter6/algoscore1.tif`/`basen
ame Chapter6/algoscore1.tif .tif`.png)...executed.

<Chapter6/algoscore1.png, id=1240, 478.78876pt x 487.8225pt>
File: Chapter6/algoscore1.png Graphic file (type png)

<use Chapter6/algoscore1.png> [88] [89 <./Chapter6/algoscore1.png>]
system(convert Chapter6/algoscore2.tif `dirname Chapter6/algoscore2.tif`/`basen
ame Chapter6/algoscore2.tif .tif`.png)...executed.


<Chapter6/algoscore2.png, id=1252, 935.495pt x 360.34625pt>
File: Chapter6/algoscore2.png Graphic file (type png)

<use Chapter6/algoscore2.png>
system(convert Chapter6/algoScore_partials.tif `dirname Chapter6/algoScore_part
ials.tif`/`basename Chapter6/algoScore_partials.tif .tif`.png)...executed.


<Chapter6/algoScore_partials.png, id=1255, 1133.23375pt x 339.2675pt>
File: Chapter6/algoScore_partials.png Graphic file (type png)

<use Chapter6/algoScore_partials.png>
Overfull \hbox (5.69046pt too wide) in paragraph at lines 156--157
 [][] 
 []

[90 <./Chapter6/algoscore2.png>] [91 <./Chapter6/algoScore_partials.png>]
[92]
system(convert Chapter6/midi_phrase.tif `dirname Chapter6/midi_phrase.tif`/`bas
ename Chapter6/midi_phrase.tif .tif`.png)...executed.

 <Chapter6/midi_phrase.png, id=1297, 373.395pt x 372.39125pt>
File: Chapter6/midi_phrase.png Graphic file (type png)

<use Chapter6/midi_phrase.png>
system(convert Chapter6/midi_gesualdo.tif `dirname Chapter6/midi_gesualdo.tif`/
`basename Chapter6/midi_gesualdo.tif .tif`.png)...executed.


<Chapter6/midi_gesualdo.png, id=1298, 1417.295pt x 836.12375pt>
File: Chapter6/midi_gesualdo.png Graphic file (type png)

<use Chapter6/midi_gesualdo.png> [93] [94 <./Chapter6/midi_phrase.png>]
[95 <./Chapter6/midi_gesualdo.png>]) [96]
\openout2 = `Chapter7/Chapter7.aux'.

 (./Chapter7/Chapter7.tex
Chapter 7.
Missing character: There is no √ in font cmr9!
Missing character: There is no ß in font cmr9!
[97



] [98] [99]
Missing character: There is no ‚ in font cmr10!
Missing character: There is no Ä in font cmr10!
Missing character: There is no ú in font cmr10!
Missing character: There is no ‚ in font cmr10!
Missing character: There is no Ä in font cmr10!
Missing character: There is no ù in font cmr10!
Missing character: There is no ‚ in font cmr10!
Missing character: There is no Ä in font cmr10!
Missing character: There is no ò in font cmr10!
Missing character: There is no ‚ in font cmr10!
Missing character: There is no Ä in font cmr10!
Missing character: There is no ô in font cmr10!
Missing character: There is no ‚ in font cmr10!
Missing character: There is no Ä in font cmr10!
Missing character: There is no ô in font cmr10!
Missing character: There is no ‚ in font cmr10!
Missing character: There is no Ä in font cmr10!
Missing character: There is no ò in font cmr10!
Missing character: There is no ‚ in font cmr10!
Missing character: There is no Ä in font cmr10!
Missing character: There is no ô in font cmr10!
Missing character: There is no ‚ in font cmr10!
Missing character: There is no Ä in font cmr10!
Missing character: There is no ò in font cmr10!
Missing character: There is no ‚ in font cmr10!
Missing character: There is no Ä in font cmr10!
Missing character: There is no ô in font cmr10!
Missing character: There is no ‚ in font cmr10!
Missing character: There is no Ä in font cmr10!
Missing character: There is no ò in font cmr10!
Missing character: There is no ‚ in font cmr10!
Missing character: There is no Ä in font cmr10!
Missing character: There is no ô in font cmr10!
Missing character: There is no ‚ in font cmr10!
Missing character: There is no Ä in font cmr10!
Missing character: There is no ò in font cmr10!
Missing character: There is no ‚ in font cmr10!
Missing character: There is no Ä in font cmr10!
Missing character: There is no ô in font cmr10!
Missing character: There is no ‚ in font cmr10!
Missing character: There is no Ä in font cmr10!
Missing character: There is no ô in font cmr10!
Missing character: There is no ‚ in font cmr10!
Missing character: There is no Ä in font cmr10!
Missing character: There is no ò in font cmr10!
Missing character: There is no ‚ in font cmr10!
Missing character: There is no Ä in font cmr10!
Missing character: There is no ô in font cmr10!
Missing character: There is no ‚ in font cmr10!
Missing character: There is no Ä in font cmr10!
Missing character: There is no ô in font cmr10!
Missing character: There is no ‚ in font cmr10!
Missing character: There is no Ä in font cmr10!
Missing character: There is no ì in font cmr10!
Missing character: There is no ‚ in font cmr10!
Missing character: There is no Ä in font cmr10!
Missing character: There is no ô in font cmr10!
 [100] [101]
Missing character: There is no ‚ in font cmr10!
Missing character: There is no Ä in font cmr10!
Missing character: There is no ô in font cmr10!
 [102]
Missing character: There is no – in font cmr10!
Missing character: There is no – in font cmr10!
Missing character: There is no – in font cmr10!
Missing character: There is no – in font cmr10!

Overfull \hbox (14.62737pt too wide) in paragraph at lines 54--58
[]\OT1/cmr/m/n/10.95 Alexander Hawkins  pi-ano. www.alexanderhawkins.com Do-min
ic Lash  bass. www.dominiclash.co.uk
 []


Overfull \hbox (87.2045pt too wide) in paragraph at lines 54--58
\OT1/cmr/m/n/10.95 Javier Car-mona  drums. www.myspace.com/javiercarmonam Fed-e
rico Reuben  com-puter. www.myspace.com/freupinta 
 []

) [103]
\openout2 = `Bibliography/Bibliography.aux'.

 (./Bibliography/Bibliography.tex [104


] [105]
Overfull \hbox (4.79317pt too wide) in paragraph at lines 161--162
[]\OT1/cmr/m/it/10.95 Society Electro-Acoustic Con-fer-ence\OT1/cmr/m/n/10.95 ,
 Toronto, 1985. URL: [][]\OT1/cmtt/m/n/10.95 http://www.plunderphonics.com/xht[
][] 
 []

[106])
Underfull \hbox (badness 10000) in paragraph at lines 205--46

 []

[107]
\openout2 = `Appendixes/Appendixes.aux'.

 (./Appendixes/Appendixes.tex
<Appendixes/zizek_page1.png, id=1394, 845.0772pt x 597.432pt>
File: Appendixes/zizek_page1.png Graphic file (type png)

<use Appendixes/zizek_page1.png>
<Appendixes/zizek_page2.png, id=1395, 845.0772pt x 597.432pt>
File: Appendixes/zizek_page2.png Graphic file (type png)

<use Appendixes/zizek_page2.png>
<Appendixes/zizek_page3.png, id=1396, 845.0772pt x 597.432pt>
File: Appendixes/zizek_page3.png Graphic file (type png)

<use Appendixes/zizek_page3.png> [108


 <./Appendixes/zizek_page1.png (PNG copy)> <./Appendixes/zizek_page2.png (PNG c
opy)>]) [109 <./Appendixes/zizek_page3.png (PNG copy)>] (./Thesis.aux (./Chapte
r1/Chapter1.aux) (./Chapter2/Chapter2.aux) (./Chapter3/Chapter3.aux) (./Chapter
4/Chapter4.aux) (./Chapter5/Chapter5.aux)
(./Chapter6/Chapter6.aux) (./Chapter7/Chapter7.aux)
(./Bibliography/Bibliography.aux) (./Appendixes/Appendixes.aux))

LaTeX Warning: There were multiply-defined labels.

 ) 
Here is how much of TeX's memory you used:
 5655 strings out of 493876
 81375 string characters out of 1150568
 153157 words of memory out of 3000000
 8301 multiletter control sequences out of 10000+50000
 16875 words of font info for 63 fonts, out of 3000000 for 5000
 716 hyphenation exceptions out of 8191
 30i,8n,38p,5566b,395s stack positions out of 5000i,500n,10000p,200000b,50000s
</usr/local/texlive/2008/texmf-dist/fonts/type1/bluesky/cm/cmbx10.pfb></usr/l
ocal/texlive/2008/texmf-dist/fonts/type1/bluesky/cm/cmbx12.pfb></usr/local/texl
ive/2008/texmf-dist/fonts/type1/bluesky/cm/cmbxti10.pfb></usr/local/texlive/200
8/texmf-dist/fonts/type1/bluesky/cm/cmr10.pfb></usr/local/texlive/2008/texmf-di
st/fonts/type1/bluesky/cm/cmr12.pfb></usr/local/texlive/2008/texmf-dist/fonts/t
ype1/bluesky/cm/cmr17.pfb></usr/local/texlive/2008/texmf-dist/fonts/type1/blues
ky/cm/cmr6.pfb></usr/local/texlive/2008/texmf-dist/fonts/type1/bluesky/cm/cmr8.
pfb></usr/local/texlive/2008/texmf-dist/fonts/type1/bluesky/cm/cmr9.pfb></usr/l
ocal/texlive/2008/texmf-dist/fonts/type1/bluesky/cm/cmti10.pfb></usr/local/texl
ive/2008/texmf-dist/fonts/type1/bluesky/cm/cmti9.pfb></usr/local/texlive/2008/t
exmf-dist/fonts/type1/bluesky/cm/cmtt10.pfb></usr/local/texlive/2008/texmf-dist
/fonts/type1/bluesky/cm/cmtt9.pfb>
Output written on Thesis.pdf (113 pages, 2014775 bytes).
PDF statistics:
 1546 PDF objects out of 1728 (max. 8388607)
 457 named destinations out of 1000 (max. 131072)
 515 words of extra memory for PDF output out of 10000 (max. 10000000)

