\BOOKMARK [0][-]{chapter.1}{Motivation}{}
\BOOKMARK [1][-]{section.1.1}{Redefining the Musical Subject?}{chapter.1}
\BOOKMARK [1][-]{section.1.2}{Rethinking the Avant-garde}{chapter.1}
\BOOKMARK [2][-]{subsection.1.2.1}{Strategic and Aesthetic Types of Avant-garde in Music}{section.1.2}
\BOOKMARK [1][-]{section.1.3}{The Definition of Music and the Ethical Regime}{chapter.1}
\BOOKMARK [1][-]{section.1.4}{An Ethical Function within the Aesthetic Regime?}{chapter.1}
\BOOKMARK [1][-]{section.1.5}{Reworking Musical Strategies}{chapter.1}
\BOOKMARK [0][-]{chapter.2}{Technology and Strategy}{}
\BOOKMARK [1][-]{section.2.1}{Technological vs. Musical Innovation}{chapter.2}
\BOOKMARK [1][-]{section.2.2}{Reshaping Relationships in Music Through Technology}{chapter.2}
\BOOKMARK [2][-]{subsection.2.2.1}{The Score in the Digital Age}{section.2.2}
\BOOKMARK [2][-]{subsection.2.2.2}{Crossing Cultural Borders?}{section.2.2}
\BOOKMARK [1][-]{section.2.3}{Live Electronic Music Performance}{chapter.2}
\BOOKMARK [2][-]{subsection.2.3.1}{Interactivity or Interpassivity?}{section.2.3}
\BOOKMARK [2][-]{subsection.2.3.2}{New Relationships with the Audience}{section.2.3}
\BOOKMARK [1][-]{section.2.4}{Technology and New Practices in Composition}{chapter.2}
\BOOKMARK [0][-]{chapter.3}{Appropiation and \(Post\)-postproduction}{}
\BOOKMARK [1][-]{section.3.1}{Musical Appropriation}{chapter.3}
\BOOKMARK [2][-]{subsection.3.1.1}{Appropriation and Postproduction in the Digital Age}{section.3.1}
\BOOKMARK [2][-]{subsection.3.1.2}{critisisms}{section.3.1}
\BOOKMARK [2][-]{subsection.3.1.3}{The liberal-comunists: Open Source, etc.}{section.3.1}
\BOOKMARK [1][-]{section.3.2}{Musical Appropriation through Technology}{chapter.3}
\BOOKMARK [2][-]{subsection.3.2.1}{Musica Derivata and Plunderphonics}{section.3.2}
\BOOKMARK [2][-]{subsection.3.2.2}{plunderphomes, ideology and the use of references}{section.3.2}
\BOOKMARK [2][-]{subsection.3.2.3}{On Musical Appropriation}{section.3.2}
\BOOKMARK [1][-]{section.3.3}{Typologies of Musical Appropriation}{chapter.3}
\BOOKMARK [2][-]{subsection.3.3.1}{Copyrights Violation}{section.3.3}
\BOOKMARK [2][-]{subsection.3.3.2}{Scores}{section.3.3}
\BOOKMARK [2][-]{subsection.3.3.3}{Recordings}{section.3.3}
\BOOKMARK [2][-]{subsection.3.3.4}{Spectral Information}{section.3.3}
\BOOKMARK [2][-]{subsection.3.3.5}{Computer Code}{section.3.3}
\BOOKMARK [2][-]{subsection.3.3.6}{Real Performances}{section.3.3}
\BOOKMARK [2][-]{subsection.3.3.7}{Real-Time Plunderphonics}{section.3.3}
